<?xml version="1.0" encoding="UTF-8"?>
<!-- Generated by org.testng.reporters.JUnitXMLReporter -->
<testsuite ignored="5" hostname="Ram" failures="0" tests="3" name="Test" time="27.068" errors="0" timestamp="2025-07-28T19:49:08 IST">
  <testcase classname="Product.ProductTest" name="createProductWithMandatoryFields" time="2.049"/>
  <testcase classname="Campaign.CampaignTest" name="createCampaignWithMandatoryFields" time="3.197"/>
  <testcase classname="Campaign.CampaignTest" name="createCampaignWithStatus" time="1.125"/>
  <testcase classname="BaseTest.BaseClass" name="@BeforeSuite beforeSuite" time="0.0">
    <ignored/>
  </testcase> <!-- @BeforeSuite beforeSuite -->
  <testcase classname="BaseTest.BaseClass" name="@AfterSuite afterSuite" time="0.0">
    <ignored/>
  </testcase> <!-- @AfterSuite afterSuite -->
  <testcase classname="BaseTest.BaseClass" name="@BeforeTest beforeTest" time="0.0">
    <ignored/>
  </testcase> <!-- @BeforeTest beforeTest -->
  <testcase classname="Campaign.CampaignTest" name="createCampaignWithExpDate" time="0.0">
    <ignored/>
  </testcase> <!-- createCampaignWithExpDate -->
  <testcase classname="BaseTest.BaseClass" name="@AfterTest afterTest" time="0.0">
    <ignored/>
  </testcase> <!-- @AfterTest afterTest -->
</testsuite> <!-- Test -->
