<?xml version="1.0" encoding="UTF-8"?>
<!-- Generated by org.testng.reporters.JUnitXMLReporter -->
<testsuite ignored="4" hostname="Ram" failures="0" tests="4" name="Test1" time="43.449" errors="0" timestamp="2025-07-29T19:42:22 IST">
  <testcase classname="Product.ProductTest" name="createProductWithMandatoryFields" time="2.802"/>
  <testcase classname="Campaign.CampaignTest" name="createCampaignWithExpDate" time="3.541"/>
  <testcase classname="Campaign.CampaignTest" name="createCampaignWithMandatoryFields" time="3.142"/>
  <testcase classname="Campaign.CampaignTest" name="createCampaignWithStatus" time="1.36"/>
  <testcase classname="BaseTest.BaseClass" name="@BeforeTest beforeTest" time="0.0">
    <ignored/>
  </testcase> <!-- @BeforeTest beforeTest -->
  <testcase classname="BaseTest.BaseClass" name="@AfterTest afterTest" time="0.0">
    <ignored/>
  </testcase> <!-- @AfterTest afterTest -->
  <testcase classname="BaseTest.BaseClass" name="@AfterSuite afterSuite" time="0.0">
    <ignored/>
  </testcase> <!-- @AfterSuite afterSuite -->
  <testcase classname="BaseTest.BaseClass" name="@BeforeSuite beforeSuite" time="0.0">
    <ignored/>
  </testcase> <!-- @BeforeSuite beforeSuite -->
</testsuite> <!-- Test1 -->
